Using pre-set license
Built from '2020.3/staging' branch; Version is '2020.3.4f1 (0abb6314276a) revision 703331'; Using compiler version '192528614'; Build Type 'Release'
OS: 'Windows 10 Home; OS build 19042.1052; Version 2009; 64bit' Language: 'en' Physical Memory: 8087 MB
BatchMode: 1, IsHumanControllingUs: 0, StartBugReporterOnCrash: 0, Is64bit: 1, IsPro: 0

 COMMAND LINE ARGUMENTS:
C:\Program Files\Unity\Hub\Editor\2020.3.4f1\Editor\Unity.exe
-adb2
-batchMode
-noUpm
-name
AssetImportWorker0
-projectPath
C:/Users/timot/Documents/GitHub/gmtk-game-jam-2021/GMTK Game Jam 2021
-logFile
Logs/AssetImportWorker0.log
-srvPort
62695
Successfully changed project path to: C:/Users/timot/Documents/GitHub/gmtk-game-jam-2021/GMTK Game Jam 2021
C:/Users/timot/Documents/GitHub/gmtk-game-jam-2021/GMTK Game Jam 2021
Using Asset Import Pipeline V2.
Refreshing native plugins compatible for Editor in 47.26 ms, found 1 plugins.
Preloading 0 native plugins for Editor in 0.00 ms.
Initialize engine version: 2020.3.4f1 (0abb6314276a)
[Subsystems] Discovering subsystems at path C:/Program Files/Unity/Hub/Editor/2020.3.4f1/Editor/Data/Resources/UnitySubsystems
[Subsystems] Discovering subsystems at path C:/Users/timot/Documents/GitHub/gmtk-game-jam-2021/GMTK Game Jam 2021/Assets
GfxDevice: creating device client; threaded=0
Direct3D:
    Version:  Direct3D 11.0 [level 11.0]
    Renderer: NVIDIA GeForce GTX 960M (ID=0x139b)
    Vendor:   
    VRAM:     4055 MB
    Driver:   24.21.13.9835
Initialize mono
Mono path[0] = 'C:/Program Files/Unity/Hub/Editor/2020.3.4f1/Editor/Data/Managed'
Mono path[1] = 'C:/Program Files/Unity/Hub/Editor/2020.3.4f1/Editor/Data/MonoBleedingEdge/lib/mono/unityjit'
Mono config path = 'C:/Program Files/Unity/Hub/Editor/2020.3.4f1/Editor/Data/MonoBleedingEdge/etc'
Using monoOptions --debugger-agent=transport=dt_socket,embedding=1,server=y,suspend=n,address=127.0.0.1:56168
Begin MonoManager ReloadAssembly
Registering precompiled unity dll's ...
Register platform support module: C:/Program Files/Unity/Hub/Editor/2020.3.4f1/Editor/Data/PlaybackEngines/WebGLSupport/UnityEditor.WebGL.Extensions.dll
Register platform support module: C:/Program Files/Unity/Hub/Editor/2020.3.4f1/Editor/Data/PlaybackEngines/WindowsStandaloneSupport/UnityEditor.WindowsStandalone.Extensions.dll
Registered in 0.003577 seconds.
Native extension for WindowsStandalone target not found
Native extension for WebGL target not found
Refreshing native plugins compatible for Editor in 57.39 ms, found 1 plugins.
Preloading 0 native plugins for Editor in 0.00 ms.
Mono: successfully reloaded assembly
- Completed reload, in  2.734 seconds
Platform modules already initialized, skipping
Registering precompiled user dll's ...
Registered in 0.001551 seconds.
Begin MonoManager ReloadAssembly
Native extension for WindowsStandalone target not found
Native extension for WebGL target not found
Refreshing native plugins compatible for Editor in 40.87 ms, found 1 plugins.
Preloading 0 native plugins for Editor in 0.00 ms.
Mono: successfully reloaded assembly
- Completed reload, in  1.208 seconds
Platform modules already initialized, skipping
========================================================================
Worker process is ready to serve import requests
Launched and connected shader compiler UnityShaderCompiler.exe after 0.07 seconds
Refreshing native plugins compatible for Editor in 0.55 ms, found 1 plugins.
Preloading 0 native plugins for Editor in 0.00 ms.
Unloading 1812 Unused Serialized files (Serialized files now loaded: 0)
System memory in use before: 85.1 MB.
System memory in use after: 85.0 MB.

Unloading 24 unused Assets to reduce memory usage. Loaded Objects now: 2254.
Total: 3.205500 ms (FindLiveObjects: 0.193100 ms CreateObjectMapping: 0.074900 ms MarkObjects: 2.741000 ms  DeleteObjects: 0.195000 ms)

========================================================================
Received Import Request.
  path: Assets/Scriptures/Move2D.cs
  artifactKey: Guid(2fdee79b0d7130d48b680fb3b8f4a5f3) Importer(815301076,1909f56bfc062723c751e8b465ee728b)
Start importing Assets/Scriptures/Move2D.cs using Guid(2fdee79b0d7130d48b680fb3b8f4a5f3) Importer(815301076,1909f56bfc062723c751e8b465ee728b)  -> (artifact id: '3216b8a7dce1e37e5e84d0df14c46f27') in 0.034736 seconds
  Import took 0.072778 seconds .

========================================================================
Received Import Request.
  Time since last request: 0.000440 seconds.
  path: Assets/Scriptures/SelectPixel.cs
  artifactKey: Guid(606e3166abf269b45a6ec119ef8ee3bd) Importer(815301076,1909f56bfc062723c751e8b465ee728b)
Start importing Assets/Scriptures/SelectPixel.cs using Guid(606e3166abf269b45a6ec119ef8ee3bd) Importer(815301076,1909f56bfc062723c751e8b465ee728b)  -> (artifact id: 'dd478383148c54e94cce03b43910958b') in 0.009084 seconds
  Import took 0.024378 seconds .

========================================================================
Received Import Request.
  Time since last request: 0.000452 seconds.
  path: Assets/Scriptures/Grounded.cs
  artifactKey: Guid(8cf0681e333082b4c80a755d23616f30) Importer(815301076,1909f56bfc062723c751e8b465ee728b)
Start importing Assets/Scriptures/Grounded.cs using Guid(8cf0681e333082b4c80a755d23616f30) Importer(815301076,1909f56bfc062723c751e8b465ee728b)  -> (artifact id: 'd84c1dfc442ed08a36af5dceb274c48c') in 0.010233 seconds
  Import took 0.024516 seconds .

========================================================================
Received Import Request.
  Time since last request: 296.802805 seconds.
  path: Assets/Scriptures/Join1.cs
  artifactKey: Guid(e3ae46642fa66d244a5edf9623f57010) Importer(815301076,1909f56bfc062723c751e8b465ee728b)
Start importing Assets/Scriptures/Join1.cs using Guid(e3ae46642fa66d244a5edf9623f57010) Importer(815301076,1909f56bfc062723c751e8b465ee728b)  -> (artifact id: '932d5f2ba6269bbbb50a2f7be19bd938') in 0.016871 seconds
  Import took 0.022964 seconds .

========================================================================
Received Prepare
Registering precompiled user dll's ...
Registered in 0.001180 seconds.
Begin MonoManager ReloadAssembly
Native extension for WindowsStandalone target not found
Native extension for WebGL target not found
Refreshing native plugins compatible for Editor in 0.40 ms, found 1 plugins.
Preloading 0 native plugins for Editor in 0.00 ms.
Mono: successfully reloaded assembly
- Completed reload, in  1.152 seconds
Platform modules already initialized, skipping
Refreshing native plugins compatible for Editor in 0.40 ms, found 1 plugins.
Preloading 0 native plugins for Editor in 0.00 ms.
Unloading 1807 Unused Serialized files (Serialized files now loaded: 0)
System memory in use before: 85.0 MB.
System memory in use after: 85.0 MB.

Unloading 13 unused Assets to reduce memory usage. Loaded Objects now: 2258.
Total: 4.545900 ms (FindLiveObjects: 0.347600 ms CreateObjectMapping: 0.214400 ms MarkObjects: 3.808000 ms  DeleteObjects: 0.174100 ms)

========================================================================
Received Import Request.
  Time since last request: 22.182016 seconds.
  path: Assets/Scriptures/Join.cs
  artifactKey: Guid(e3ae46642fa66d244a5edf9623f57010) Importer(815301076,1909f56bfc062723c751e8b465ee728b)
Start importing Assets/Scriptures/Join.cs using Guid(e3ae46642fa66d244a5edf9623f57010) Importer(815301076,1909f56bfc062723c751e8b465ee728b)  -> (artifact id: 'bf7f89caec1efe2824b8a7e8d7fc16a7') in 0.017965 seconds
  Import took 0.038483 seconds .

========================================================================
Received Prepare
Registering precompiled user dll's ...
Registered in 0.001694 seconds.
Begin MonoManager ReloadAssembly
Native extension for WindowsStandalone target not found
Native extension for WebGL target not found
Refreshing native plugins compatible for Editor in 0.67 ms, found 1 plugins.
Preloading 0 native plugins for Editor in 0.00 ms.
Mono: successfully reloaded assembly
- Completed reload, in  1.118 seconds
Platform modules already initialized, skipping
Refreshing native plugins compatible for Editor in 0.40 ms, found 1 plugins.
Preloading 0 native plugins for Editor in 0.00 ms.
Unloading 1807 Unused Serialized files (Serialized files now loaded: 0)
System memory in use before: 85.1 MB.
System memory in use after: 85.0 MB.

Unloading 12 unused Assets to reduce memory usage. Loaded Objects now: 2262.
Total: 2.803200 ms (FindLiveObjects: 0.278700 ms CreateObjectMapping: 0.074600 ms MarkObjects: 2.260700 ms  DeleteObjects: 0.188000 ms)

========================================================================
Received Prepare
Registering precompiled user dll's ...
Registered in 0.001977 seconds.
Begin MonoManager ReloadAssembly
Native extension for WindowsStandalone target not found
Native extension for WebGL target not found
Refreshing native plugins compatible for Editor in 0.39 ms, found 1 plugins.
Preloading 0 native plugins for Editor in 0.00 ms.
Mono: successfully reloaded assembly
- Completed reload, in  1.029 seconds
Platform modules already initialized, skipping
Refreshing native plugins compatible for Editor in 0.47 ms, found 1 plugins.
Preloading 0 native plugins for Editor in 0.00 ms.
Unloading 1807 Unused Serialized files (Serialized files now loaded: 0)
System memory in use before: 85.1 MB.
System memory in use after: 85.1 MB.

Unloading 12 unused Assets to reduce memory usage. Loaded Objects now: 2266.
Total: 3.885700 ms (FindLiveObjects: 0.352600 ms CreateObjectMapping: 0.254300 ms MarkObjects: 3.160300 ms  DeleteObjects: 0.117300 ms)

========================================================================
Received Prepare
Registering precompiled user dll's ...
Registered in 0.001907 seconds.
Begin MonoManager ReloadAssembly
Native extension for WindowsStandalone target not found
Native extension for WebGL target not found
Refreshing native plugins compatible for Editor in 0.37 ms, found 1 plugins.
Preloading 0 native plugins for Editor in 0.00 ms.
Mono: successfully reloaded assembly
- Completed reload, in  1.040 seconds
Platform modules already initialized, skipping
Refreshing native plugins compatible for Editor in 0.39 ms, found 1 plugins.
Preloading 0 native plugins for Editor in 0.00 ms.
Unloading 1807 Unused Serialized files (Serialized files now loaded: 0)
System memory in use before: 85.1 MB.
System memory in use after: 85.1 MB.

Unloading 12 unused Assets to reduce memory usage. Loaded Objects now: 2270.
Total: 3.730300 ms (FindLiveObjects: 0.702700 ms CreateObjectMapping: 0.198300 ms MarkObjects: 2.633000 ms  DeleteObjects: 0.194700 ms)

========================================================================
Received Import Request.
  Time since last request: 1360.168499 seconds.
  path: Assets/Scriptures/GetCollider.cs
  artifactKey: Guid(91101783db70f8a4083de28f79c962f2) Importer(815301076,1909f56bfc062723c751e8b465ee728b)
Start importing Assets/Scriptures/GetCollider.cs using Guid(91101783db70f8a4083de28f79c962f2) Importer(815301076,1909f56bfc062723c751e8b465ee728b)  -> (artifact id: '41d5b5d5d8cc0199285de4fbcf1391d0') in 0.017454 seconds
  Import took 0.022451 seconds .

========================================================================
Received Prepare
Registering precompiled user dll's ...
Registered in 0.001468 seconds.
Begin MonoManager ReloadAssembly
Native extension for WindowsStandalone target not found
Native extension for WebGL target not found
Refreshing native plugins compatible for Editor in 0.41 ms, found 1 plugins.
Preloading 0 native plugins for Editor in 0.00 ms.
Mono: successfully reloaded assembly
- Completed reload, in  1.155 seconds
Platform modules already initialized, skipping
Refreshing native plugins compatible for Editor in 0.39 ms, found 1 plugins.
Preloading 0 native plugins for Editor in 0.00 ms.
Unloading 1808 Unused Serialized files (Serialized files now loaded: 0)
System memory in use before: 85.1 MB.
System memory in use after: 85.1 MB.

Unloading 12 unused Assets to reduce memory usage. Loaded Objects now: 2275.
Total: 2.551800 ms (FindLiveObjects: 0.218800 ms CreateObjectMapping: 0.075300 ms MarkObjects: 2.063300 ms  DeleteObjects: 0.193500 ms)

========================================================================
Received Prepare
Registering precompiled user dll's ...
Registered in 0.002850 seconds.
Begin MonoManager ReloadAssembly
Native extension for WindowsStandalone target not found
Native extension for WebGL target not found
Refreshing native plugins compatible for Editor in 0.52 ms, found 1 plugins.
Preloading 0 native plugins for Editor in 0.00 ms.
Mono: successfully reloaded assembly
- Completed reload, in  1.072 seconds
Platform modules already initialized, skipping
Refreshing native plugins compatible for Editor in 0.38 ms, found 1 plugins.
Preloading 0 native plugins for Editor in 0.00 ms.
Unloading 1808 Unused Serialized files (Serialized files now loaded: 0)
System memory in use before: 85.1 MB.
System memory in use after: 85.1 MB.

Unloading 12 unused Assets to reduce memory usage. Loaded Objects now: 2279.
Total: 4.774500 ms (FindLiveObjects: 0.619400 ms CreateObjectMapping: 0.633700 ms MarkObjects: 3.281000 ms  DeleteObjects: 0.239400 ms)

========================================================================
Received Import Request.
  Time since last request: 381.787709 seconds.
  path: Assets/Scriptures/GetCollider.cs
  artifactKey: Guid(91101783db70f8a4083de28f79c962f2) Importer(815301076,1909f56bfc062723c751e8b465ee728b)
Start importing Assets/Scriptures/GetCollider.cs using Guid(91101783db70f8a4083de28f79c962f2) Importer(815301076,1909f56bfc062723c751e8b465ee728b)  -> (artifact id: '37ea856a0dbdae30e52a2d4ddb681fa8') in 0.006500 seconds
  Import took 0.026173 seconds .

========================================================================
Received Import Request.
  Time since last request: 71.788739 seconds.
  path: ProjectSettings/TagManager.asset
  artifactKey: Guid(00000000000000003000000000000000) Importer(815301076,1909f56bfc062723c751e8b465ee728b)
Start importing ProjectSettings/TagManager.asset using Guid(00000000000000003000000000000000) Importer(815301076,1909f56bfc062723c751e8b465ee728b)  -> (artifact id: 'b6265c7abfa54f6ac7eca90330f5d4c5') in 0.061143 seconds
  Import took 0.074945 seconds .

========================================================================
Received Prepare
Registering precompiled user dll's ...
Registered in 0.001313 seconds.
Begin MonoManager ReloadAssembly
Native extension for WindowsStandalone target not found
Native extension for WebGL target not found
Refreshing native plugins compatible for Editor in 0.48 ms, found 1 plugins.
Preloading 0 native plugins for Editor in 0.00 ms.
Mono: successfully reloaded assembly
- Completed reload, in  1.111 seconds
Platform modules already initialized, skipping
Refreshing native plugins compatible for Editor in 0.65 ms, found 1 plugins.
Preloading 0 native plugins for Editor in 0.00 ms.
Unloading 1808 Unused Serialized files (Serialized files now loaded: 0)
System memory in use before: 85.2 MB.
System memory in use after: 85.1 MB.

Unloading 13 unused Assets to reduce memory usage. Loaded Objects now: 2283.
Total: 3.237300 ms (FindLiveObjects: 0.305600 ms CreateObjectMapping: 0.092700 ms MarkObjects: 2.419100 ms  DeleteObjects: 0.418100 ms)

========================================================================
Received Prepare
Registering precompiled user dll's ...
Registered in 0.002381 seconds.
Begin MonoManager ReloadAssembly
Native extension for WindowsStandalone target not found
Native extension for WebGL target not found
Refreshing native plugins compatible for Editor in 0.37 ms, found 1 plugins.
Preloading 0 native plugins for Editor in 0.00 ms.
Mono: successfully reloaded assembly
- Completed reload, in  1.038 seconds
Platform modules already initialized, skipping
Refreshing native plugins compatible for Editor in 0.39 ms, found 1 plugins.
Preloading 0 native plugins for Editor in 0.00 ms.
Unloading 1808 Unused Serialized files (Serialized files now loaded: 0)
System memory in use before: 85.2 MB.
System memory in use after: 85.1 MB.

Unloading 12 unused Assets to reduce memory usage. Loaded Objects now: 2287.
Total: 3.659900 ms (FindLiveObjects: 0.444500 ms CreateObjectMapping: 0.128700 ms MarkObjects: 2.909900 ms  DeleteObjects: 0.175400 ms)

========================================================================
Received Prepare
Registering precompiled user dll's ...
Registered in 0.001246 seconds.
Begin MonoManager ReloadAssembly
Native extension for WindowsStandalone target not found
Native extension for WebGL target not found
Refreshing native plugins compatible for Editor in 0.87 ms, found 1 plugins.
Preloading 0 native plugins for Editor in 0.00 ms.
Mono: successfully reloaded assembly
- Completed reload, in  1.063 seconds
Platform modules already initialized, skipping
Refreshing native plugins compatible for Editor in 0.40 ms, found 1 plugins.
Preloading 0 native plugins for Editor in 0.00 ms.
Unloading 1808 Unused Serialized files (Serialized files now loaded: 0)
System memory in use before: 85.2 MB.
System memory in use after: 85.2 MB.

Unloading 12 unused Assets to reduce memory usage. Loaded Objects now: 2291.
Total: 2.919500 ms (FindLiveObjects: 0.503400 ms CreateObjectMapping: 0.097600 ms MarkObjects: 2.046600 ms  DeleteObjects: 0.192500 ms)

